# JRE version: OpenJDK Runtime Environment (8.0_212) (build 1.8.0_212-release-1586-b4-5784211)
# Java VM: OpenJDK 64-Bit Server VM (25.212-b4-5784211 mixed mode linux-amd64 compressed oops)
Heap:
 PSYoungGen      total 331776K, used 0K [0x00000000e0000000, 0x0000000100000000, 0x0000000100000000)
  eden space 221184K, 0% used [0x00000000e0000000,0x00000000e0000000,0x00000000ed800000)
  from space 110592K, 0% used [0x00000000f9400000,0x00000000f9400000,0x0000000100000000)
  to   space 151552K, 0% used [0x00000000ed800000,0x00000000ed800000,0x00000000f6c00000)
 ParOldGen       total 334336K, used 299652K [0x00000000a0000000, 0x00000000b4680000, 0x00000000e0000000)
  object space 334336K, 89% used [0x00000000a0000000,0x00000000b24a11e8,0x00000000b4680000)
 Metaspace       used 98407K, capacity 101864K, committed 101976K, reserved 1138688K
  class space    used 12368K, capacity 13086K, committed 13184K, reserved 1048576K
GC Heap History (10 events):
Event: 974.419 GC heap after
Heap after GC invocations=36 (full 7):
 PSYoungGen      total 382976K, used 4945K [0x00000000e0000000, 0x0000000100000000, 0x0000000100000000)
  eden space 280576K, 0% used [0x00000000e0000000,0x00000000e0000000,0x00000000f1200000)
  from space 102400K, 4% used [0x00000000f1200000,0x00000000f16d4610,0x00000000f7600000)
  to   space 100864K, 0% used [0x00000000f9d80000,0x00000000f9d80000,0x0000000100000000)
 ParOldGen       total 201216K, used 113818K [0x00000000a0000000, 0x00000000ac480000, 0x00000000e0000000)
  object space 201216K, 56% used [0x00000000a0000000,0x00000000a6f26be0,0x00000000ac480000)
 Metaspace       used 89780K, capacity 92616K, committed 92760K, reserved 1130496K
  class space    used 11209K, capacity 11862K, committed 11904K, reserved 1048576K
}
Event: 996.988 GC heap before
{Heap before GC invocations=37 (full 7):
 PSYoungGen      total 382976K, used 285521K [0x00000000e0000000, 0x0000000100000000, 0x0000000100000000)
  eden space 280576K, 100% used [0x00000000e0000000,0x00000000f1200000,0x00000000f1200000)
  from space 102400K, 4% used [0x00000000f1200000,0x00000000f16d4610,0x00000000f7600000)
  to   space 100864K, 0% used [0x00000000f9d80000,0x00000000f9d80000,0x0000000100000000)
 ParOldGen       total 201216K, used 113818K [0x00000000a0000000, 0x00000000ac480000, 0x00000000e0000000)
  object space 201216K, 56% used [0x00000000a0000000,0x00000000a6f26be0,0x00000000ac480000)
 Metaspace       used 91907K, capacity 94896K, committed 95064K, reserved 1132544K
  class space    used 11498K, capacity 12156K, committed 12160K, reserved 1048576K
Event: 997.228 GC heap after
Heap after GC invocations=37 (full 7):
 PSYoungGen      total 403968K, used 77968K [0x00000000e0000000, 0x0000000100000000, 0x0000000100000000)
  eden space 303104K, 0% used [0x00000000e0000000,0x00000000e0000000,0x00000000f2800000)
  from space 100864K, 77% used [0x00000000f9d80000,0x00000000fe9a41e0,0x0000000100000000)
  to   space 110592K, 0% used [0x00000000f2800000,0x00000000f2800000,0x00000000f9400000)
 ParOldGen       total 201216K, used 115143K [0x00000000a0000000, 0x00000000ac480000, 0x00000000e0000000)
  object space 201216K, 57% used [0x00000000a0000000,0x00000000a7071c40,0x00000000ac480000)
 Metaspace       used 91907K, capacity 94896K, committed 95064K, reserved 1132544K
  class space    used 11498K, capacity 12156K, committed 12160K, reserved 1048576K
}
Event: 1005.689 GC heap before
{Heap before GC invocations=38 (full 7):
 PSYoungGen      total 403968K, used 381036K [0x00000000e0000000, 0x0000000100000000, 0x0000000100000000)
  eden space 303104K, 99% used [0x00000000e0000000,0x00000000f27f7088,0x00000000f2800000)
  from space 100864K, 77% used [0x00000000f9d80000,0x00000000fe9a41e0,0x0000000100000000)
  to   space 110592K, 0% used [0x00000000f2800000,0x00000000f2800000,0x00000000f9400000)
 ParOldGen       total 201216K, used 115143K [0x00000000a0000000, 0x00000000ac480000, 0x00000000e0000000)
  object space 201216K, 57% used [0x00000000a0000000,0x00000000a7071c40,0x00000000ac480000)
 Metaspace       used 94777K, capacity 97932K, committed 98136K, reserved 1134592K
  class space    used 11955K, capacity 12650K, committed 12672K, reserved 1048576K
Event: 1006.704 GC heap after
Heap after GC invocations=38 (full 7):
 PSYoungGen      total 413696K, used 110584K [0x00000000e0000000, 0x0000000100000000, 0x0000000100000000)
  eden space 303104K, 0% used [0x00000000e0000000,0x00000000e0000000,0x00000000f2800000)
  from space 110592K, 99% used [0x00000000f2800000,0x00000000f93fe270,0x00000000f9400000)
  to   space 110592K, 0% used [0x00000000f9400000,0x00000000f9400000,0x0000000100000000)
 ParOldGen       total 201216K, used 192717K [0x00000000a0000000, 0x00000000ac480000, 0x00000000e0000000)
  object space 201216K, 95% used [0x00000000a0000000,0x00000000abc335f8,0x00000000ac480000)
 Metaspace       used 94777K, capacity 97932K, committed 98136K, reserved 1134592K
  class space    used 11955K, capacity 12650K, committed 12672K, reserved 1048576K
}
Event: 1006.704 GC heap before
{Heap before GC invocations=39 (full 8):
 PSYoungGen      total 413696K, used 110584K [0x00000000e0000000, 0x0000000100000000, 0x0000000100000000)
  eden space 303104K, 0% used [0x00000000e0000000,0x00000000e0000000,0x00000000f2800000)
  from space 110592K, 99% used [0x00000000f2800000,0x00000000f93fe270,0x00000000f9400000)
  to   space 110592K, 0% used [0x00000000f9400000,0x00000000f9400000,0x0000000100000000)
 ParOldGen       total 201216K, used 192717K [0x00000000a0000000, 0x00000000ac480000, 0x00000000e0000000)
  object space 201216K, 95% used [0x00000000a0000000,0x00000000abc335f8,0x00000000ac480000)
 Metaspace       used 94777K, capacity 97932K, committed 98136K, reserved 1134592K
  class space    used 11955K, capacity 12650K, committed 12672K, reserved 1048576K
Event: 1010.100 GC heap after
Heap after GC invocations=39 (full 8):
 PSYoungGen      total 413696K, used 67480K [0x00000000e0000000, 0x0000000100000000, 0x0000000100000000)
  eden space 303104K, 0% used [0x00000000e0000000,0x00000000e0000000,0x00000000f2800000)
  from space 110592K, 61% used [0x00000000f2800000,0x00000000f69e61a8,0x00000000f9400000)
  to   space 110592K, 0% used [0x00000000f9400000,0x00000000f9400000,0x0000000100000000)
 ParOldGen       total 334336K, used 200903K [0x00000000a0000000, 0x00000000b4680000, 0x00000000e0000000)
  object space 334336K, 60% used [0x00000000a0000000,0x00000000ac431e70,0x00000000b4680000)
 Metaspace       used 94766K, capacity 97908K, committed 98136K, reserved 1134592K
  class space    used 11951K, capacity 12644K, committed 12672K, reserved 1048576K
}
Event: 1018.724 GC heap before
{Heap before GC invocations=40 (full 8):
 PSYoungGen      total 413696K, used 370584K [0x00000000e0000000, 0x0000000100000000, 0x0000000100000000)
  eden space 303104K, 100% used [0x00000000e0000000,0x00000000f2800000,0x00000000f2800000)
  from space 110592K, 61% used [0x00000000f2800000,0x00000000f69e61a8,0x00000000f9400000)
  to   space 110592K, 0% used [0x00000000f9400000,0x00000000f9400000,0x0000000100000000)
 ParOldGen       total 334336K, used 200903K [0x00000000a0000000, 0x00000000b4680000, 0x00000000e0000000)
  object space 334336K, 60% used [0x00000000a0000000,0x00000000ac431e70,0x00000000b4680000)
 Metaspace       used 98407K, capacity 101864K, committed 101976K, reserved 1138688K
  class space    used 12368K, capacity 13086K, committed 13184K, reserved 1048576K
Event: 1020.391 GC heap after
Heap after GC invocations=40 (full 8):
 PSYoungGen      total 331776K, used 36426K [0x00000000e0000000, 0x0000000100000000, 0x0000000100000000)
  eden space 221184K, 0% used [0x00000000e0000000,0x00000000e0000000,0x00000000ed800000)
  from space 110592K, 32% used [0x00000000f9400000,0x00000000fb7928a8,0x0000000100000000)
  to   space 151552K, 0% used [0x00000000ed800000,0x00000000ed800000,0x00000000f6c00000)
 ParOldGen       total 334336K, used 268717K [0x00000000a0000000, 0x00000000b4680000, 0x00000000e0000000)
  object space 334336K, 80% used [0x00000000a0000000,0x00000000b066b530,0x00000000b4680000)
 Metaspace       used 98407K, capacity 101864K, committed 101976K, reserved 1138688K
  class space    used 12368K, capacity 13086K, committed 13184K, reserved 1048576K
}
Event: 1020.391 GC heap before
{Heap before GC invocations=41 (full 9):
 PSYoungGen      total 331776K, used 36426K [0x00000000e0000000, 0x0000000100000000, 0x0000000100000000)
  eden space 221184K, 0% used [0x00000000e0000000,0x00000000e0000000,0x00000000ed800000)
  from space 110592K, 32% used [0x00000000f9400000,0x00000000fb7928a8,0x0000000100000000)
  to   space 151552K, 0% used [0x00000000ed800000,0x00000000ed800000,0x00000000f6c00000)
 ParOldGen       total 334336K, used 268717K [0x00000000a0000000, 0x00000000b4680000, 0x00000000e0000000)
  object space 334336K, 80% used [0x00000000a0000000,0x00000000b066b530,0x00000000b4680000)
 Metaspace       used 98407K, capacity 101864K, committed 101976K, reserved 1138688K
  class space    used 12368K, capacity 13086K, committed 13184K, reserved 1048576K

